{"total": {"lines":{"total":184,"covered":179,"skipped":0,"pct":97.28},"statements":{"total":185,"covered":180,"skipped":0,"pct":97.29},"functions":{"total":31,"covered":31,"skipped":0,"pct":100},"branches":{"total":153,"covered":141,"skipped":0,"pct":92.15},"branchesTrue":{"total":0,"covered":0,"skipped":0,"pct":"Unknown"}}
,"/Users/benoitlahoz/Documents/Development/zds-app/packages/vue-capacitor-haptics/src/directive.ts": {"lines":{"total":34,"covered":33,"skipped":0,"pct":97.05},"functions":{"total":8,"covered":8,"skipped":0,"pct":100},"statements":{"total":34,"covered":33,"skipped":0,"pct":97.05},"branches":{"total":33,"covered":32,"skipped":0,"pct":96.96}}
,"/Users/benoitlahoz/Documents/Development/zds-app/packages/vue-capacitor-haptics/src/haptics.ts": {"lines":{"total":146,"covered":142,"skipped":0,"pct":97.26},"functions":{"total":22,"covered":22,"skipped":0,"pct":100},"statements":{"total":147,"covered":143,"skipped":0,"pct":97.27},"branches":{"total":118,"covered":107,"skipped":0,"pct":90.67}}
,"/Users/benoitlahoz/Documents/Development/zds-app/packages/vue-capacitor-haptics/src/plugin.ts": {"lines":{"total":4,"covered":4,"skipped":0,"pct":100},"functions":{"total":1,"covered":1,"skipped":0,"pct":100},"statements":{"total":4,"covered":4,"skipped":0,"pct":100},"branches":{"total":2,"covered":2,"skipped":0,"pct":100}}
}
